2024-11-26 11:10:39 Logs initialized
2024-11-26 11:10:53 Create user attempt with email user132@user132.com and username user132
2024-11-26 11:11:08 Create user attempt with email user132@gmail.com and username user132
2024-11-26 11:11:17 Create user attempt with email user132@gmail.com and username user132
2024-11-26 11:11:57 Logs initialized
2024-11-26 11:12:06 Create user attempt with email user132@gmail.com and username user132
2024-11-26 11:12:08 User created with id/name 1/user132
2024-11-26 11:12:15 Login attempt with email user132@gmail.com
2024-11-26 11:12:16 User logged in with id/name 1/user132
2024-11-26 11:12:24 Customer in stripe created for cus_RHwaROzrLcGqXD
2024-11-26 11:13:24 Logs initialized
2024-11-26 11:13:26 Login attempt with email user132@gmail.com
2024-11-26 11:13:28 User logged in with id/name 1/user132
2024-11-26 11:13:32 Checkout session created for user user132 with id 1 and email user132@gmail.com
2024-11-26 11:14:24 Invoice payment succeeded for cus_RHwaROzrLcGqXD
2024-11-26 11:14:24 Subscription in stripe created for cus_RHwaROzrLcGqXD
2024-11-26 11:35:09 Logs initialized
2024-11-26 11:36:02 Logs initialized
2024-11-26 11:36:34 Logs initialized
2024-11-26 11:36:47 Login attempt with email user132@gmail.com
2024-11-26 11:36:51 Create user attempt with email user132@gmail.com and username user132
2024-11-26 11:36:53 User created with id/name 2/user132
2024-11-26 11:36:55 Login attempt with email user132@gmail.com
2024-11-26 11:36:57 User logged in with id/name 2/user132
2024-11-26 11:37:00 Customer in stripe created for cus_RHwymrloh46eqC
2024-11-26 11:38:54 Logs initialized
2024-11-26 11:38:56 Login attempt with email user132@gmail.com
2024-11-26 11:38:58 User logged in with id/name 2/user132
2024-11-26 11:43:07 Logs initialized
2024-11-26 11:43:13 Create user attempt with email user132@gmail.com and username user132
2024-11-26 11:43:15 User created with id/name 3/user132
2024-11-26 11:43:18 Login attempt with email user132@gmail.com
2024-11-26 11:43:20 User logged in with id/name 3/user132
2024-11-26 11:43:23 Customer in stripe created for cus_RHx5CdKy0KQQE1
2024-11-26 11:47:46 Logs initialized
2024-11-26 11:47:53 Login attempt with email user132@gmail.com
2024-11-26 11:47:54 User logged in with id/name 3/user132
2024-11-26 11:48:10 Charge succeeded for cus_RHx5CdKy0KQQE1
2024-11-26 11:50:21 Logs initialized
2024-11-26 11:50:24 Login attempt with email user132@gmail.com
2024-11-26 11:50:25 User logged in with id/name 3/user132
2024-11-26 11:50:47 Charge succeeded for cus_RHx5CdKy0KQQE1
2024-11-26 15:19:29 Logs initialized
2024-11-26 15:19:39 Login attempt with email user132@gmail.com
2024-11-26 15:19:41 User logged in with id/name 3/user132
2024-11-26 15:19:44 Payment to create subscription created for user user132 with id 3 and email user132@gmail.com
2024-11-26 15:20:02 Charge succeeded for cus_RHx5CdKy0KQQE1
2024-11-26 15:22:42 Payment to create subscription created for user user132 with id 3 and email user132@gmail.com
2024-11-26 15:23:32 Charge succeeded for cus_RHx5CdKy0KQQE1
2024-11-26 15:23:54 Logs initialized
2024-11-26 15:24:08 Login attempt with email user132@gmail.com
2024-11-26 15:24:10 User logged in with id/name 3/user132
2024-11-26 15:24:12 Payment to create subscription created for user user132 with id 3 and email user132@gmail.com
2024-11-26 15:24:25 Charge succeeded for cus_RHx5CdKy0KQQE1
2024-11-26 15:24:25 Payment succeeded for user 3
2024-11-26 15:27:42 Logs initialized
2024-11-26 15:27:45 Login attempt with email user132@gmail.com
2024-11-26 15:27:47 User logged in with id/name 3/user132
2024-11-26 15:27:55 Payment to create subscription created for user user132 with id 3 and email user132@gmail.com
2024-11-26 15:28:08 Charge succeeded for cus_RHx5CdKy0KQQE1
2024-11-26 15:28:08 Payment succeeded for user 3
2024-11-26 15:28:08 Subscrição agendada com sucesso! ID: sub_sched_1QPQgOG3QQtRYyDS9bmEww5o
2024-11-26 19:33:29 Logs initialized
2024-11-26 19:34:00 Login attempt with email user132@gmail.com
2024-11-26 19:34:02 User logged in with id/name 3/user132
2024-11-26 19:34:11 Payment to create subscription created for user user132 with id 3 and email user132@gmail.com
2024-11-26 19:34:29 Charge succeeded for cus_RHx5CdKy0KQQE1
2024-11-26 19:34:29 Payment succeeded for user 3
2024-11-26 19:34:29 Error creating subscription schedule: {"status":400,"message":"The `trial_end` `1765345726` must be within `start_date` `1733788800` and `end_date` `1765324800` for phase 0.","request_id":"req_thPVjYywAqmMFz","request_log_url":"https://dashboard.stripe.com/test/logs/req_thPVjYywAqmMFz?t=1732649669","type":"invalid_request_error"}
2024-11-26 19:37:40 Logs initialized
2024-11-26 19:37:42 Login attempt with email user132@gmail.com
2024-11-26 19:37:44 User logged in with id/name 3/user132
2024-11-26 19:37:52 Payment to create subscription created for user user132 with id 3 and email user132@gmail.com
2024-11-26 19:38:15 Charge succeeded for cus_RHx5CdKy0KQQE1
2024-11-26 19:38:15 Payment succeeded for user 3
2024-11-26 19:38:15 Subscrição agendada com sucesso! ID: sub_sched_1QPUaRG3QQtRYyDSJPx1YUNr
2024-11-26 19:46:50 Logs initialized
2024-11-26 19:46:53 Login attempt with email user132@gmail.com
2024-11-26 19:46:54 User logged in with id/name 3/user132
2024-11-26 19:47:03 Payment to create subscription created for user user132 with id 3 and email user132@gmail.com
2024-11-26 19:47:17 Charge succeeded for cus_RHx5CdKy0KQQE1
2024-11-26 19:47:17 Payment succeeded for user 3
2024-11-26 19:47:17 Subscrição agendada com sucesso! ID: sub_sched_1QPUjBG3QQtRYyDS2ejDFl7Z
2024-11-26 20:05:56 Logs initialized
2024-11-26 20:05:56 Login attempt with email user132@gmail.com
2024-11-26 20:05:58 User logged in with id/name 3/user132
2024-11-26 20:06:00 Login attempt with email user132@gmail.com
2024-11-26 20:06:02 User logged in with id/name 3/user132
2024-11-26 20:06:09 Payment to create subscription created for user user132 with id 3 and email user132@gmail.com
2024-11-26 20:06:24 Charge succeeded for cus_RI5AMxS9dyPLHS
2024-11-26 20:06:24 Payment succeeded for user 3
2024-11-26 20:06:24 Subscrição agendada com sucesso! ID: sub_sched_1QPV1gG3QQtRYyDS8xgquiUP
2024-11-26 20:07:09 Subscription in stripe created for cus_RI5AMxS9dyPLHS
2024-11-26 20:11:16 Logs initialized
2024-11-26 20:11:28 Logs initialized
2024-11-26 20:11:31 Login attempt with email user132@gmail.com
2024-11-26 20:11:32 User logged in with id/name 3/user132
2024-11-26 20:11:40 Payment to create subscription created for user user132 with id 3 and email user132@gmail.com
2024-11-26 20:12:05 Charge succeeded for cus_RI5Gb2mC0sPqYn
2024-11-26 20:12:05 Payment succeeded for user 3
2024-11-26 20:12:05 Subscrição agendada com sucesso! ID: sub_sched_1QPV7BG3QQtRYyDSmLWNG0K7
2024-11-26 20:12:40 Subscription in stripe created for cus_RI5Gb2mC0sPqYn
2024-11-26 20:12:40 Invoice created for cus_RI5Gb2mC0sPqYn
2024-11-26 20:12:43 Invoice payment succeeded for cus_RI5Gb2mC0sPqYn
2024-11-26 20:21:39 Logs initialized
2024-11-26 20:21:47 Login attempt with email user132@gmail.com
2024-11-26 20:21:49 User logged in with id/name 3/user132
2024-11-26 20:22:06 Payment to create subscription created for user user132 with id 3 and email user132@gmail.com
2024-11-26 20:22:55 Charge succeeded for cus_RI5Qdb2j8eSNjg
2024-11-26 20:22:55 Payment succeeded for user 3
2024-11-26 20:22:55 Subscrição agendada com sucesso! ID: sub_sched_1QPVHfG3QQtRYyDS9OszHnkq
2024-11-26 20:23:33 Subscription in stripe created for cus_RI5Qdb2j8eSNjg
2024-11-26 20:23:33 Invoice payment succeeded for cus_RI5Qdb2j8eSNjg
2024-11-26 20:23:36 Invoice payment succeeded for cus_RI5Qdb2j8eSNjg
2024-11-26 20:24:11 Invoice payment succeeded for cus_RI5Qdb2j8eSNjg
2024-11-27 09:23:02 Logs initialized
2024-11-27 09:23:36 Login attempt with email user132@gmail.com
2024-11-27 09:23:38 User logged in with id/name 3/user132
2024-11-27 09:23:54 Subscription deleted for sub_1QPVIGG3QQtRYyDSXSXIfkC6.
2024-11-27 09:23:54 Invoice payment failed for cus_RI5Qdb2j8eSNjg
2024-11-27 09:23:54 Payment failed for customer cus_RI5Qdb2j8eSNjg
2024-11-27 09:24:39 Customer in stripe created for cus_RII4MOzInfW4BE
2024-11-27 09:25:30 Payment to create subscription created for user user132 with id 3 and email user132@gmail.com
2024-11-27 09:25:58 Charge succeeded for cus_RII4MOzInfW4BE
2024-11-27 09:25:58 Payment succeeded for user 3
2024-11-27 09:25:58 Subscrição agendada com sucesso! ID: sub_sched_1QPhVSG3QQtRYyDSws7ehta4
2024-11-27 09:26:45 Subscription in stripe created for cus_RII4MOzInfW4BE
2024-11-27 09:26:45 Invoice payment succeeded for cus_RII4MOzInfW4BE
2024-11-27 09:26:47 Invoice payment succeeded for cus_RII4MOzInfW4BE
2024-11-27 09:27:27 Invoice payment succeeded for cus_RII4MOzInfW4BE
2024-11-27 09:28:02 Subscription deleted for sub_1QPhWCG3QQtRYyDSNXEDatj7.
2024-11-27 09:30:16 Payment to create subscription created for user user132 with id 3 and email user132@gmail.com
2024-11-27 09:30:44 Charge succeeded for cus_RII4MOzInfW4BE
2024-11-27 09:30:44 Payment succeeded for user 3
2024-11-27 09:30:45 Error creating subscription schedule: {"status":400,"message":"You can not create a subscription schedule with `phases` that already ended. You can back-date a subscription schedule by setting `start_date` to be in the past, but `phases` must end in the future.","request_id":"req_bjIh81t8D6IPH3","request_log_url":"https://dashboard.stripe.com/test/logs/req_bjIh81t8D6IPH3?t=1732699844","type":"invalid_request_error"}
2024-11-27 09:32:24 Customer in stripe created for cus_RIICi2b1pDqzEI
2024-11-27 09:33:30 Logs initialized
2024-11-27 09:33:32 Login attempt with email user132@gmail.com
2024-11-27 09:33:33 User logged in with id/name 3/user132
2024-11-27 09:33:38 Payment to create subscription created for user user132 with id 3 and email user132@gmail.com
2024-11-27 09:33:59 Charge succeeded for cus_RIICi2b1pDqzEI
2024-11-27 09:33:59 Payment succeeded for user 3
2024-11-27 09:33:59 Subscrição agendada com sucesso! ID: sub_sched_1QPhdDG3QQtRYyDSPOd6MMXf
2024-11-27 09:34:42 Subscription in stripe created for cus_RIICi2b1pDqzEI
2024-11-27 09:34:42 Invoice payment succeeded for cus_RIICi2b1pDqzEI
2024-11-27 09:34:45 Invoice payment succeeded for cus_RIICi2b1pDqzEI
2024-11-27 09:35:38 Invoice payment succeeded for cus_RIICi2b1pDqzEI
2024-11-27 09:36:13 Subscription deleted for sub_1QPhdtG3QQtRYyDSy42V73rN.
2024-11-27 10:07:14 Logs initialized
2024-11-27 10:07:28 Unhandled event type: customer.deleted with id 
2024-11-27 10:07:28 Unhandled event type: test_helpers.test_clock.deleted with id 
2024-11-27 10:07:43 Unhandled event type: test_helpers.test_clock.created with id 
2024-11-27 10:08:27 Customer in stripe created for cus_RIImgHvzhnRjdo
2024-11-27 10:08:37 Unhandled event type: customer.updated with id 
2024-11-27 10:08:49 Login attempt with email user132@gmail.com
2024-11-27 10:08:50 User logged in with id/name 3/user132
2024-11-27 10:09:12 Payment to create subscription created for user user132 with id 3 and email user132@gmail.com
2024-11-27 10:09:25 Charge succeeded for cus_RIImgHvzhnRjdo
2024-11-27 10:09:25 Payment succeeded for user 3
2024-11-27 10:09:25 Unhandled event type: payment_method.attached with id 
2024-11-27 10:09:25 Unhandled event type: payment_intent.succeeded with id 
2024-11-27 10:09:25 Unhandled event type: payment_intent.created with id 
2024-11-27 10:09:25 Subscrição agendada com sucesso! ID: sub_sched_1QPiBVG3QQtRYyDSRIl1vuwg
2024-11-27 10:09:25 Unhandled event type: checkout.session.completed with id 
2024-11-27 10:09:25 Unhandled event type: subscription_schedule.created with id 
2024-11-27 10:09:25 Unhandled event type: customer.updated with id 
2024-11-27 10:09:27 Unhandled event type: charge.updated with id 
2024-11-27 10:16:14 Logs initialized
2024-11-27 10:16:20 Unhandled event type: subscription_schedule.canceled
2024-11-27 10:16:35 Login attempt with email user132@gmail.com
2024-11-27 10:16:36 User logged in with id/name 3/user132
2024-11-27 10:16:42 Payment to create subscription created for user user132 with id 3 and email user132@gmail.com
